
    ______ _  __  _____  _   __ ___     ____  
   / ____/(_)/ /_/ ___/ / | / //   |   / __ \ 
  / /_   / // __/\__ \ /  |/ // /| |  / /_/ /
 / __/  / // /_ ___/ // /|  // ___ | / ____/ 
/_/    /_/ \__//____//_/ |_//_/  |_|/_/      

-----20May21------
Reading input...
>>> Found unmatched variable in GROUPS section of input:  aa
>>> Found unmatched variable in GROUPS section of input:  aIn
>>> Found unmatched variable in GROUPS section of input:  aP
>>> Found unmatched variable in GROUPS section of input:  Bulk
>>> Found unmatched variable in GROUPS section of input:  EOS
>>> Found unmatched variable in GROUPS section of input:  iIn
>>> Found unmatched variable in GROUPS section of input:  iP
>>> Found unmatched variable in GROUPS section of input:  s_aa
>>> Found unmatched variable in GROUPS section of input:  s_aIn
>>> Found unmatched variable in GROUPS section of input:  s_aP
>>> Found unmatched variable in GROUPS section of input:  Shear
>>> Found unmatched variable in GROUPS section of input:  s_iIn
>>> Found unmatched variable in GROUPS section of input:  s_iP
>>> Found unmatched variable in GROUPS section of input:  Strain
>>> Found unmatched variable in GROUPS section of input:  s_vIn
>>> Found unmatched variable in GROUPS section of input:  s_vP
>>> Found unmatched variable in GROUPS section of input:  s_vv
>>> Found unmatched variable in GROUPS section of input:  vP
>>> Found unmatched variable in GROUPS section of input:  vv
>>> Found unmatched variable in REFERENCE section of input:  pair_coeff1
>>> Found unmatched variable in REFERENCE section of input:  pair_coeff2
>>> Found unmatched variable in REFERENCE section of input:  pair_coeff3
>>> Found unmatched variable in REFERENCE section of input:  pair_coeff4
Finished reading input
------------------
mpi4py version:  3.0.3
numpy version:  1.19.2
scipy version:  1.5.2
pandas version:  1.1.2
-----------
aa : Detected  20  fitting on  20  testing on  0
aIn : Detected  54  fitting on  54  testing on  0
aP : Detected  21  fitting on  21  testing on  0
Bulk : Detected  1  fitting on  1  testing on  0
EOS : Detected  268  fitting on  268  testing on  0
iIn : Detected  41  fitting on  41  testing on  0
iP : Detected  100  fitting on  100  testing on  0
s_aa : Detected  18  fitting on  18  testing on  0
s_aIn : Detected  121  fitting on  121  testing on  0
s_aP : Detected  72  fitting on  72  testing on  0
Shear : Detected  346  fitting on  346  testing on  0
s_iIn : Detected  144  fitting on  144  testing on  0
s_iP : Detected  337  fitting on  337  testing on  0
Strain : Detected  163  fitting on  163  testing on  0
s_vIn : Detected  17  fitting on  17  testing on  0
s_vP : Detected  77  fitting on  77  testing on  0
s_vv : Detected  65  fitting on  65  testing on  0
vP : Detected  10  fitting on  10  testing on  0
vv : Detected  19  fitting on  19  testing on  0
'scrape_configs' took 586.93 ms on rank 0
>>> Matrix of descriptors takes up  4.1116 % of the total memory: 34.3597 GB
'process_configs' took 61358.66 ms on rank 0
'perform_fit' took 17910.53 ms on rank 0
'write_output' took 16.06 ms on rank 0
'main' took 80817.53 ms on rank 0
